2025-03-10 15:43:21,208 - anomaly_detector - ERROR - Error loading model: [Errno 2] No such file or directory: 'd:\\Trae\\test\\AIyunwei\\models\\anomaly_model.pkl'
2025-03-10 15:49:44,197 - anomaly_detector - ERROR - Error loading model: [Errno 2] No such file or directory: 'd:\\Trae\\test\\AIyunwei\\models\\anomaly_model.pkl'
2025-03-10 15:54:44,199 - anomaly_detector - ERROR - Error loading model: [Errno 2] No such file or directory: 'd:\\Trae\\test\\AIyunwei\\models\\anomaly_model.pkl'
2025-03-10 15:59:44,200 - anomaly_detector - ERROR - Error loading model: [Errno 2] No such file or directory: 'd:\\Trae\\test\\AIyunwei\\models\\anomaly_model.pkl'
2025-03-10 15:59:44,221 - anomaly_detector - ERROR - Model not trained or loaded
2025-03-10 16:08:40,859 - anomaly_detector - INFO - Model file not found at d:\Trae\test\AIyunwei\models\anomaly_model.pkl, will train a new model
2025-03-10 16:13:40,861 - anomaly_detector - INFO - Model file not found at d:\Trae\test\AIyunwei\models\anomaly_model.pkl, will train a new model
2025-03-10 16:18:40,863 - anomaly_detector - INFO - Model file not found at d:\Trae\test\AIyunwei\models\anomaly_model.pkl, will train a new model
2025-03-10 16:18:40,865 - anomaly_detector - ERROR - Model not trained or loaded
2025-03-10 16:23:40,866 - anomaly_detector - INFO - Model file not found at d:\Trae\test\AIyunwei\models\anomaly_model.pkl, will train a new model
2025-03-10 16:23:40,868 - anomaly_detector - ERROR - Model not trained or loaded
2025-03-10 16:28:40,869 - anomaly_detector - INFO - Model file not found at d:\Trae\test\AIyunwei\models\anomaly_model.pkl, will train a new model
2025-03-10 16:28:40,871 - anomaly_detector - ERROR - Model not trained or loaded
2025-03-10 16:33:40,871 - anomaly_detector - INFO - Model file not found at d:\Trae\test\AIyunwei\models\anomaly_model.pkl, will train a new model
2025-03-10 16:33:40,873 - anomaly_detector - ERROR - Model not trained or loaded
2025-03-10 16:38:40,874 - anomaly_detector - INFO - Model file not found at d:\Trae\test\AIyunwei\models\anomaly_model.pkl, will train a new model
2025-03-10 16:38:40,876 - anomaly_detector - ERROR - Model not trained or loaded
2025-03-10 16:43:40,877 - anomaly_detector - INFO - Model file not found at d:\Trae\test\AIyunwei\models\anomaly_model.pkl, will train a new model
2025-03-10 16:43:40,879 - anomaly_detector - ERROR - Model not trained or loaded
2025-03-10 16:48:40,881 - anomaly_detector - INFO - Model file not found at d:\Trae\test\AIyunwei\models\anomaly_model.pkl, will train a new model
2025-03-10 16:48:40,883 - anomaly_detector - ERROR - Model not trained or loaded
2025-03-10 16:53:40,885 - anomaly_detector - INFO - Model file not found at d:\Trae\test\AIyunwei\models\anomaly_model.pkl, will train a new model
2025-03-10 16:53:40,886 - anomaly_detector - ERROR - Model not trained or loaded
2025-03-10 16:58:40,888 - anomaly_detector - INFO - Model file not found at d:\Trae\test\AIyunwei\models\anomaly_model.pkl, will train a new model
2025-03-10 16:58:40,892 - anomaly_detector - ERROR - Model not trained or loaded
2025-03-10 17:03:40,893 - anomaly_detector - INFO - Model file not found at d:\Trae\test\AIyunwei\models\anomaly_model.pkl, will train a new model
2025-03-10 17:03:40,895 - anomaly_detector - ERROR - Model not trained or loaded
2025-03-10 17:08:40,896 - anomaly_detector - INFO - Model file not found at d:\Trae\test\AIyunwei\models\anomaly_model.pkl, will train a new model
2025-03-10 17:08:40,924 - anomaly_detector - INFO - Training anomaly detection model...
2025-03-10 17:08:41,114 - anomaly_detector - INFO - Model saved to d:\Trae\test\AIyunwei\models\anomaly_model.pkl
2025-03-10 17:13:41,154 - anomaly_detector - INFO - Model loaded from d:\Trae\test\AIyunwei\models\anomaly_model.pkl
2025-03-10 17:18:42,671 - anomaly_detector - INFO - Model loaded from d:\Trae\test\AIyunwei\models\anomaly_model.pkl
2025-03-10 17:23:42,707 - anomaly_detector - INFO - Model loaded from d:\Trae\test\AIyunwei\models\anomaly_model.pkl
2025-03-10 17:28:42,738 - anomaly_detector - INFO - Model loaded from d:\Trae\test\AIyunwei\models\anomaly_model.pkl
2025-03-10 17:33:42,773 - anomaly_detector - INFO - Model loaded from d:\Trae\test\AIyunwei\models\anomaly_model.pkl
2025-03-10 17:38:43,470 - anomaly_detector - INFO - Model loaded from d:\Trae\test\AIyunwei\models\anomaly_model.pkl
2025-03-10 17:43:43,504 - anomaly_detector - INFO - Model loaded from d:\Trae\test\AIyunwei\models\anomaly_model.pkl
2025-03-11 11:02:51,617 - anomaly_detector - INFO - Model loaded from models/anomaly_model.pkl
2025-03-11 11:03:37,939 - anomaly_detector - INFO - Model loaded from d:\Trae\test\AIyunwei\models\anomaly_model.pkl
2025-03-11 11:07:51,652 - anomaly_detector - INFO - Model loaded from models/anomaly_model.pkl
2025-03-11 11:08:37,968 - anomaly_detector - INFO - Model loaded from d:\Trae\test\AIyunwei\models\anomaly_model.pkl
2025-03-11 11:12:51,680 - anomaly_detector - INFO - Model loaded from models/anomaly_model.pkl
2025-03-11 11:13:37,992 - anomaly_detector - INFO - Model loaded from d:\Trae\test\AIyunwei\models\anomaly_model.pkl
2025-03-11 11:17:52,580 - anomaly_detector - INFO - Model loaded from models/anomaly_model.pkl
2025-03-11 11:18:38,741 - anomaly_detector - INFO - Model loaded from d:\Trae\test\AIyunwei\models\anomaly_model.pkl
2025-03-11 11:22:52,610 - anomaly_detector - INFO - Model loaded from models/anomaly_model.pkl
2025-03-11 11:23:38,773 - anomaly_detector - INFO - Model loaded from d:\Trae\test\AIyunwei\models\anomaly_model.pkl
2025-03-11 11:27:52,640 - anomaly_detector - INFO - Model loaded from models/anomaly_model.pkl
2025-03-11 11:28:38,825 - anomaly_detector - INFO - Model loaded from d:\Trae\test\AIyunwei\models\anomaly_model.pkl
2025-03-11 11:32:52,671 - anomaly_detector - INFO - Model loaded from models/anomaly_model.pkl
2025-03-11 11:33:38,863 - anomaly_detector - INFO - Model loaded from d:\Trae\test\AIyunwei\models\anomaly_model.pkl
2025-03-11 11:37:52,702 - anomaly_detector - INFO - Model loaded from models/anomaly_model.pkl
2025-03-11 11:38:38,897 - anomaly_detector - INFO - Model loaded from d:\Trae\test\AIyunwei\models\anomaly_model.pkl
2025-03-11 11:42:52,748 - anomaly_detector - INFO - Model loaded from models/anomaly_model.pkl
2025-03-11 11:43:39,619 - anomaly_detector - INFO - Model loaded from d:\Trae\test\AIyunwei\models\anomaly_model.pkl
2025-03-11 11:47:53,522 - anomaly_detector - INFO - Model loaded from models/anomaly_model.pkl
2025-03-11 11:48:39,674 - anomaly_detector - INFO - Model loaded from d:\Trae\test\AIyunwei\models\anomaly_model.pkl
2025-03-11 11:52:53,586 - anomaly_detector - INFO - Model loaded from models/anomaly_model.pkl
2025-03-11 11:53:39,758 - anomaly_detector - INFO - Model loaded from d:\Trae\test\AIyunwei\models\anomaly_model.pkl
2025-03-11 11:57:53,627 - anomaly_detector - INFO - Model loaded from models/anomaly_model.pkl
2025-03-11 11:58:40,529 - anomaly_detector - INFO - Model loaded from d:\Trae\test\AIyunwei\models\anomaly_model.pkl
2025-03-11 12:02:54,353 - anomaly_detector - INFO - Model loaded from models/anomaly_model.pkl
2025-03-11 12:03:40,566 - anomaly_detector - INFO - Model loaded from d:\Trae\test\AIyunwei\models\anomaly_model.pkl
2025-03-11 12:07:54,384 - anomaly_detector - INFO - Model loaded from models/anomaly_model.pkl
2025-03-11 12:08:40,602 - anomaly_detector - INFO - Model loaded from d:\Trae\test\AIyunwei\models\anomaly_model.pkl
2025-03-11 12:12:54,427 - anomaly_detector - INFO - Model loaded from models/anomaly_model.pkl
2025-03-11 12:13:41,283 - anomaly_detector - INFO - Model loaded from d:\Trae\test\AIyunwei\models\anomaly_model.pkl
2025-03-11 12:17:55,168 - anomaly_detector - INFO - Model loaded from models/anomaly_model.pkl
2025-03-11 12:18:41,321 - anomaly_detector - INFO - Model loaded from d:\Trae\test\AIyunwei\models\anomaly_model.pkl
2025-03-11 12:22:55,235 - anomaly_detector - INFO - Model loaded from models/anomaly_model.pkl
2025-03-11 12:23:41,364 - anomaly_detector - INFO - Model loaded from d:\Trae\test\AIyunwei\models\anomaly_model.pkl
2025-03-11 12:27:55,275 - anomaly_detector - INFO - Model loaded from models/anomaly_model.pkl
2025-03-11 12:28:42,134 - anomaly_detector - INFO - Model loaded from d:\Trae\test\AIyunwei\models\anomaly_model.pkl
2025-03-11 12:32:56,250 - anomaly_detector - INFO - Model loaded from models/anomaly_model.pkl
2025-03-11 12:33:42,172 - anomaly_detector - INFO - Model loaded from d:\Trae\test\AIyunwei\models\anomaly_model.pkl
2025-03-11 12:37:56,285 - anomaly_detector - INFO - Model loaded from models/anomaly_model.pkl
2025-03-11 12:38:42,213 - anomaly_detector - INFO - Model loaded from d:\Trae\test\AIyunwei\models\anomaly_model.pkl
2025-03-11 12:42:56,323 - anomaly_detector - INFO - Model loaded from models/anomaly_model.pkl
2025-03-11 12:43:43,217 - anomaly_detector - INFO - Model loaded from d:\Trae\test\AIyunwei\models\anomaly_model.pkl
2025-03-11 13:20:01,669 - anomaly_detector - INFO - Model loaded from models/anomaly_model.pkl
2025-03-11 13:29:56,876 - anomaly_detector - INFO - Model loaded from models/anomaly_model.pkl
2025-03-11 13:34:56,900 - anomaly_detector - INFO - Model loaded from models/anomaly_model.pkl
2025-03-11 13:39:56,929 - anomaly_detector - INFO - Model loaded from models/anomaly_model.pkl
2025-03-11 13:44:57,672 - anomaly_detector - INFO - Model loaded from models/anomaly_model.pkl
2025-03-11 13:49:57,713 - anomaly_detector - INFO - Model loaded from models/anomaly_model.pkl
2025-03-11 13:54:57,749 - anomaly_detector - INFO - Model loaded from models/anomaly_model.pkl
2025-03-11 13:59:58,451 - anomaly_detector - INFO - Model loaded from models/anomaly_model.pkl
2025-03-11 14:04:58,485 - anomaly_detector - INFO - Model loaded from models/anomaly_model.pkl
2025-03-11 14:09:58,519 - anomaly_detector - INFO - Model loaded from models/anomaly_model.pkl
2025-03-11 14:14:59,260 - anomaly_detector - INFO - Model loaded from models/anomaly_model.pkl
2025-03-11 14:19:59,298 - anomaly_detector - INFO - Model loaded from models/anomaly_model.pkl
2025-03-11 14:24:59,337 - anomaly_detector - INFO - Model loaded from models/anomaly_model.pkl
2025-03-11 14:30:00,068 - anomaly_detector - INFO - Model loaded from models/anomaly_model.pkl
2025-03-11 14:35:00,105 - anomaly_detector - INFO - Model loaded from models/anomaly_model.pkl
2025-03-11 14:40:00,157 - anomaly_detector - INFO - Model loaded from models/anomaly_model.pkl
2025-03-11 14:45:00,877 - anomaly_detector - INFO - Model loaded from models/anomaly_model.pkl
2025-03-11 14:49:00,929 - anomaly_detector - INFO - Model loaded from d:\Trae\test\AIyunwei\models\anomaly_model.pkl
2025-03-11 14:50:00,934 - anomaly_detector - INFO - Model loaded from models/anomaly_model.pkl
2025-03-11 14:54:27,731 - anomaly_detector - INFO - Model loaded from d:\Trae\test\AIyunwei\models\anomaly_model.pkl
2025-03-11 14:55:00,984 - anomaly_detector - INFO - Model loaded from models/anomaly_model.pkl
2025-03-11 15:01:41,541 - anomaly_detector - INFO - Model loaded from models/anomaly_model.pkl
2025-03-11 15:06:41,564 - anomaly_detector - INFO - Model loaded from models/anomaly_model.pkl
2025-03-11 15:14:57,899 - anomaly_detector - INFO - Model loaded from d:\Trae\test\AIyunwei\models\anomaly_model.pkl
2025-03-11 15:19:57,924 - anomaly_detector - INFO - Model loaded from d:\Trae\test\AIyunwei\models\anomaly_model.pkl
2025-03-11 15:24:57,949 - anomaly_detector - INFO - Model loaded from d:\Trae\test\AIyunwei\models\anomaly_model.pkl
2025-03-11 15:29:58,820 - anomaly_detector - INFO - Model loaded from d:\Trae\test\AIyunwei\models\anomaly_model.pkl
2025-03-11 15:30:28,855 - anomaly_detector - INFO - Model loaded from d:\Trae\test\AIyunwei\models\anomaly_model.pkl
2025-03-11 15:30:58,890 - anomaly_detector - INFO - Model loaded from d:\Trae\test\AIyunwei\models\anomaly_model.pkl
2025-03-11 15:31:28,921 - anomaly_detector - INFO - Model loaded from d:\Trae\test\AIyunwei\models\anomaly_model.pkl
2025-03-11 15:31:58,953 - anomaly_detector - INFO - Model loaded from d:\Trae\test\AIyunwei\models\anomaly_model.pkl
2025-03-11 15:32:28,984 - anomaly_detector - INFO - Model loaded from d:\Trae\test\AIyunwei\models\anomaly_model.pkl
2025-03-11 15:32:59,035 - anomaly_detector - INFO - Model loaded from d:\Trae\test\AIyunwei\models\anomaly_model.pkl
2025-03-11 15:33:29,085 - anomaly_detector - INFO - Model loaded from d:\Trae\test\AIyunwei\models\anomaly_model.pkl
2025-03-11 15:33:59,118 - anomaly_detector - INFO - Model loaded from d:\Trae\test\AIyunwei\models\anomaly_model.pkl
2025-03-11 15:34:29,152 - anomaly_detector - INFO - Model loaded from d:\Trae\test\AIyunwei\models\anomaly_model.pkl
2025-03-11 15:34:59,184 - anomaly_detector - INFO - Model loaded from d:\Trae\test\AIyunwei\models\anomaly_model.pkl
2025-03-11 15:35:29,217 - anomaly_detector - INFO - Model loaded from d:\Trae\test\AIyunwei\models\anomaly_model.pkl
2025-03-11 15:35:59,252 - anomaly_detector - INFO - Model loaded from d:\Trae\test\AIyunwei\models\anomaly_model.pkl
2025-03-11 15:36:29,294 - anomaly_detector - INFO - Model loaded from d:\Trae\test\AIyunwei\models\anomaly_model.pkl
2025-03-11 15:36:59,326 - anomaly_detector - INFO - Model loaded from d:\Trae\test\AIyunwei\models\anomaly_model.pkl
2025-03-11 15:37:29,357 - anomaly_detector - INFO - Model loaded from d:\Trae\test\AIyunwei\models\anomaly_model.pkl
2025-03-11 15:37:59,392 - anomaly_detector - INFO - Model loaded from d:\Trae\test\AIyunwei\models\anomaly_model.pkl
2025-03-11 15:38:29,425 - anomaly_detector - INFO - Model loaded from d:\Trae\test\AIyunwei\models\anomaly_model.pkl
2025-03-11 15:38:59,456 - anomaly_detector - INFO - Model loaded from d:\Trae\test\AIyunwei\models\anomaly_model.pkl
2025-03-11 15:39:29,488 - anomaly_detector - INFO - Model loaded from d:\Trae\test\AIyunwei\models\anomaly_model.pkl
2025-03-11 15:39:59,523 - anomaly_detector - INFO - Model loaded from d:\Trae\test\AIyunwei\models\anomaly_model.pkl
2025-03-11 15:40:29,554 - anomaly_detector - INFO - Model loaded from d:\Trae\test\AIyunwei\models\anomaly_model.pkl
2025-03-11 15:40:59,585 - anomaly_detector - INFO - Model loaded from d:\Trae\test\AIyunwei\models\anomaly_model.pkl
2025-03-11 15:41:29,616 - anomaly_detector - INFO - Model loaded from d:\Trae\test\AIyunwei\models\anomaly_model.pkl
2025-03-11 15:41:59,648 - anomaly_detector - INFO - Model loaded from d:\Trae\test\AIyunwei\models\anomaly_model.pkl
2025-03-11 15:42:29,679 - anomaly_detector - INFO - Model loaded from d:\Trae\test\AIyunwei\models\anomaly_model.pkl
2025-03-11 15:42:59,711 - anomaly_detector - INFO - Model loaded from d:\Trae\test\AIyunwei\models\anomaly_model.pkl
2025-03-11 15:43:29,743 - anomaly_detector - INFO - Model loaded from d:\Trae\test\AIyunwei\models\anomaly_model.pkl
2025-03-11 15:43:59,777 - anomaly_detector - INFO - Model loaded from d:\Trae\test\AIyunwei\models\anomaly_model.pkl
2025-03-11 15:44:29,813 - anomaly_detector - INFO - Model loaded from d:\Trae\test\AIyunwei\models\anomaly_model.pkl
2025-03-11 15:44:59,851 - anomaly_detector - INFO - Model loaded from d:\Trae\test\AIyunwei\models\anomaly_model.pkl
2025-03-11 15:45:29,886 - anomaly_detector - INFO - Model loaded from d:\Trae\test\AIyunwei\models\anomaly_model.pkl
2025-03-11 15:45:59,920 - anomaly_detector - INFO - Model loaded from d:\Trae\test\AIyunwei\models\anomaly_model.pkl
2025-03-11 15:46:29,960 - anomaly_detector - INFO - Model loaded from d:\Trae\test\AIyunwei\models\anomaly_model.pkl
2025-03-11 15:46:59,999 - anomaly_detector - INFO - Model loaded from d:\Trae\test\AIyunwei\models\anomaly_model.pkl
2025-03-11 15:47:30,032 - anomaly_detector - INFO - Model loaded from d:\Trae\test\AIyunwei\models\anomaly_model.pkl
2025-03-11 15:48:00,070 - anomaly_detector - INFO - Model loaded from d:\Trae\test\AIyunwei\models\anomaly_model.pkl
2025-03-11 15:48:30,102 - anomaly_detector - INFO - Model loaded from d:\Trae\test\AIyunwei\models\anomaly_model.pkl
2025-03-11 15:49:00,136 - anomaly_detector - INFO - Model loaded from d:\Trae\test\AIyunwei\models\anomaly_model.pkl
2025-03-11 15:49:30,171 - anomaly_detector - INFO - Model loaded from d:\Trae\test\AIyunwei\models\anomaly_model.pkl
2025-03-11 15:50:00,219 - anomaly_detector - INFO - Model loaded from d:\Trae\test\AIyunwei\models\anomaly_model.pkl
2025-03-11 15:50:30,250 - anomaly_detector - INFO - Model loaded from d:\Trae\test\AIyunwei\models\anomaly_model.pkl
2025-03-11 15:51:00,282 - anomaly_detector - INFO - Model loaded from d:\Trae\test\AIyunwei\models\anomaly_model.pkl
2025-03-11 15:51:30,317 - anomaly_detector - INFO - Model loaded from d:\Trae\test\AIyunwei\models\anomaly_model.pkl
2025-03-11 15:52:00,351 - anomaly_detector - INFO - Model loaded from d:\Trae\test\AIyunwei\models\anomaly_model.pkl
2025-03-11 15:52:30,387 - anomaly_detector - INFO - Model loaded from d:\Trae\test\AIyunwei\models\anomaly_model.pkl
2025-03-11 15:53:00,419 - anomaly_detector - INFO - Model loaded from d:\Trae\test\AIyunwei\models\anomaly_model.pkl
2025-03-11 15:53:30,460 - anomaly_detector - INFO - Model loaded from d:\Trae\test\AIyunwei\models\anomaly_model.pkl
2025-03-11 15:54:00,497 - anomaly_detector - INFO - Model loaded from d:\Trae\test\AIyunwei\models\anomaly_model.pkl
2025-03-11 15:54:30,530 - anomaly_detector - INFO - Model loaded from d:\Trae\test\AIyunwei\models\anomaly_model.pkl
2025-03-11 15:55:00,567 - anomaly_detector - INFO - Model loaded from d:\Trae\test\AIyunwei\models\anomaly_model.pkl
2025-03-11 15:55:30,599 - anomaly_detector - INFO - Model loaded from d:\Trae\test\AIyunwei\models\anomaly_model.pkl
2025-03-11 15:56:00,632 - anomaly_detector - INFO - Model loaded from d:\Trae\test\AIyunwei\models\anomaly_model.pkl
2025-03-11 15:56:30,663 - anomaly_detector - INFO - Model loaded from d:\Trae\test\AIyunwei\models\anomaly_model.pkl
2025-03-11 15:57:00,705 - anomaly_detector - INFO - Model loaded from d:\Trae\test\AIyunwei\models\anomaly_model.pkl
2025-03-11 15:57:30,738 - anomaly_detector - INFO - Model loaded from d:\Trae\test\AIyunwei\models\anomaly_model.pkl
2025-03-11 15:58:00,770 - anomaly_detector - INFO - Model loaded from d:\Trae\test\AIyunwei\models\anomaly_model.pkl
2025-03-11 15:58:30,807 - anomaly_detector - INFO - Model loaded from d:\Trae\test\AIyunwei\models\anomaly_model.pkl
2025-03-11 15:59:00,844 - anomaly_detector - INFO - Model loaded from d:\Trae\test\AIyunwei\models\anomaly_model.pkl
2025-03-11 15:59:30,880 - anomaly_detector - INFO - Model loaded from d:\Trae\test\AIyunwei\models\anomaly_model.pkl
2025-03-11 16:00:00,915 - anomaly_detector - INFO - Model loaded from d:\Trae\test\AIyunwei\models\anomaly_model.pkl
2025-03-11 16:00:30,948 - anomaly_detector - INFO - Model loaded from d:\Trae\test\AIyunwei\models\anomaly_model.pkl
2025-03-11 16:01:00,989 - anomaly_detector - INFO - Model loaded from d:\Trae\test\AIyunwei\models\anomaly_model.pkl
2025-03-11 16:01:31,026 - anomaly_detector - INFO - Model loaded from d:\Trae\test\AIyunwei\models\anomaly_model.pkl
2025-03-11 16:02:01,058 - anomaly_detector - INFO - Model loaded from d:\Trae\test\AIyunwei\models\anomaly_model.pkl
2025-03-11 16:02:31,092 - anomaly_detector - INFO - Model loaded from d:\Trae\test\AIyunwei\models\anomaly_model.pkl
2025-03-11 16:03:01,126 - anomaly_detector - INFO - Model loaded from d:\Trae\test\AIyunwei\models\anomaly_model.pkl
2025-03-11 16:03:31,165 - anomaly_detector - INFO - Model loaded from d:\Trae\test\AIyunwei\models\anomaly_model.pkl
2025-03-11 16:04:01,199 - anomaly_detector - INFO - Model loaded from d:\Trae\test\AIyunwei\models\anomaly_model.pkl
2025-03-11 16:04:31,234 - anomaly_detector - INFO - Model loaded from d:\Trae\test\AIyunwei\models\anomaly_model.pkl
2025-03-11 16:05:01,269 - anomaly_detector - INFO - Model loaded from d:\Trae\test\AIyunwei\models\anomaly_model.pkl
2025-03-11 16:05:31,303 - anomaly_detector - INFO - Model loaded from d:\Trae\test\AIyunwei\models\anomaly_model.pkl
2025-03-11 16:06:01,336 - anomaly_detector - INFO - Model loaded from d:\Trae\test\AIyunwei\models\anomaly_model.pkl
2025-03-11 16:06:31,376 - anomaly_detector - INFO - Model loaded from d:\Trae\test\AIyunwei\models\anomaly_model.pkl
2025-03-11 16:07:01,408 - anomaly_detector - INFO - Model loaded from d:\Trae\test\AIyunwei\models\anomaly_model.pkl
2025-03-11 16:07:31,440 - anomaly_detector - INFO - Model loaded from d:\Trae\test\AIyunwei\models\anomaly_model.pkl
2025-03-11 16:08:01,474 - anomaly_detector - INFO - Model loaded from d:\Trae\test\AIyunwei\models\anomaly_model.pkl
2025-03-11 16:08:31,506 - anomaly_detector - INFO - Model loaded from d:\Trae\test\AIyunwei\models\anomaly_model.pkl
2025-03-11 16:09:01,543 - anomaly_detector - INFO - Model loaded from d:\Trae\test\AIyunwei\models\anomaly_model.pkl
2025-03-11 16:09:31,575 - anomaly_detector - INFO - Model loaded from d:\Trae\test\AIyunwei\models\anomaly_model.pkl
2025-03-11 16:10:01,613 - anomaly_detector - INFO - Model loaded from d:\Trae\test\AIyunwei\models\anomaly_model.pkl
2025-03-11 16:10:31,646 - anomaly_detector - INFO - Model loaded from d:\Trae\test\AIyunwei\models\anomaly_model.pkl
2025-03-11 16:11:01,679 - anomaly_detector - INFO - Model loaded from d:\Trae\test\AIyunwei\models\anomaly_model.pkl
2025-03-11 16:11:31,714 - anomaly_detector - INFO - Model loaded from d:\Trae\test\AIyunwei\models\anomaly_model.pkl
2025-03-11 16:12:01,749 - anomaly_detector - INFO - Model loaded from d:\Trae\test\AIyunwei\models\anomaly_model.pkl
2025-03-11 16:12:31,791 - anomaly_detector - INFO - Model loaded from d:\Trae\test\AIyunwei\models\anomaly_model.pkl
2025-03-11 16:13:01,861 - anomaly_detector - INFO - Model loaded from d:\Trae\test\AIyunwei\models\anomaly_model.pkl
2025-03-11 16:13:31,948 - anomaly_detector - INFO - Model loaded from d:\Trae\test\AIyunwei\models\anomaly_model.pkl
2025-03-11 16:14:01,991 - anomaly_detector - INFO - Model loaded from d:\Trae\test\AIyunwei\models\anomaly_model.pkl
2025-03-11 16:14:32,030 - anomaly_detector - INFO - Model loaded from d:\Trae\test\AIyunwei\models\anomaly_model.pkl
2025-03-11 16:15:02,064 - anomaly_detector - INFO - Model loaded from d:\Trae\test\AIyunwei\models\anomaly_model.pkl
2025-03-11 16:15:32,095 - anomaly_detector - INFO - Model loaded from d:\Trae\test\AIyunwei\models\anomaly_model.pkl
2025-03-11 16:16:02,129 - anomaly_detector - INFO - Model loaded from d:\Trae\test\AIyunwei\models\anomaly_model.pkl
2025-03-11 16:16:32,160 - anomaly_detector - INFO - Model loaded from d:\Trae\test\AIyunwei\models\anomaly_model.pkl
2025-03-11 16:53:37,292 - anomaly_detector - INFO - Model loaded from models/anomaly_model.pkl
2025-03-11 16:53:41,375 - anomaly_detector - INFO - Model loaded from d:\Trae\test\AIyunwei\models\anomaly_model.pkl
2025-03-11 16:58:37,316 - anomaly_detector - INFO - Model loaded from models/anomaly_model.pkl
2025-03-11 17:03:37,352 - anomaly_detector - INFO - Model loaded from models/anomaly_model.pkl
2025-03-11 17:08:38,149 - anomaly_detector - INFO - Model loaded from models/anomaly_model.pkl
2025-03-11 17:13:38,198 - anomaly_detector - INFO - Model loaded from models/anomaly_model.pkl
2025-03-11 17:18:38,252 - anomaly_detector - INFO - Model loaded from models/anomaly_model.pkl
2025-03-11 17:23:39,029 - anomaly_detector - INFO - Model loaded from models/anomaly_model.pkl
2025-03-11 17:28:39,094 - anomaly_detector - INFO - Model loaded from models/anomaly_model.pkl
2025-03-11 17:33:39,177 - anomaly_detector - INFO - Model loaded from models/anomaly_model.pkl
2025-03-11 17:38:39,957 - anomaly_detector - INFO - Model loaded from models/anomaly_model.pkl
2025-03-11 17:43:40,000 - anomaly_detector - INFO - Model loaded from models/anomaly_model.pkl
2025-03-11 17:48:40,047 - anomaly_detector - INFO - Model loaded from models/anomaly_model.pkl
2025-03-11 17:53:40,728 - anomaly_detector - INFO - Model loaded from models/anomaly_model.pkl
